[2023-01-22 03:58:05] request.INFO: Matched route "api_translation_value_edit". {"route":"api_translation_value_edit","route_parameters":{"_route":"api_translation_value_edit","_controller":"prestashop.core.api.translation.controller:translationEditAction","_legacy_controller":"AdminTranslations"},"request_uri":"https://localhost/amdin/index.php/api/translations/edit?_token=vUyyeHDK31wkA_Fk5rO7kXxior86lg8QjVaMhZBOgpQ","method":"POST"} []
[2023-01-22 03:58:05] security.DEBUG: Read existing security token from the session. {"key":"_security_main","token_class":"Symfony\\Component\\Security\\Core\\Authentication\\Token\\UsernamePasswordToken"} []
[2023-01-22 03:58:05] security.DEBUG: User was reloaded from a user provider. {"provider":"PrestaShopBundle\\Security\\Admin\\EmployeeProvider","username":"admin@wpusc.pls"} []
[2023-01-22 03:58:06] app.ERROR: No result was found for query although at least one row was expected. {"object_type":"Translation"} []
[2023-01-22 03:58:06] app.ERROR: No result was found for query although at least one row was expected. {"object_type":"Translation"} []
[2023-01-22 03:58:07] security.DEBUG: Stored the security token in the session. {"key":"_security_main"} []
[2023-01-22 03:59:53] request.INFO: Matched route "api_translation_value_edit". {"route":"api_translation_value_edit","route_parameters":{"_route":"api_translation_value_edit","_controller":"prestashop.core.api.translation.controller:translationEditAction","_legacy_controller":"AdminTranslations"},"request_uri":"https://localhost/amdin/index.php/api/translations/edit?_token=vUyyeHDK31wkA_Fk5rO7kXxior86lg8QjVaMhZBOgpQ","method":"POST"} []
[2023-01-22 03:59:53] security.DEBUG: Read existing security token from the session. {"key":"_security_main","token_class":"Symfony\\Component\\Security\\Core\\Authentication\\Token\\UsernamePasswordToken"} []
[2023-01-22 03:59:53] security.DEBUG: User was reloaded from a user provider. {"provider":"PrestaShopBundle\\Security\\Admin\\EmployeeProvider","username":"admin@wpusc.pls"} []
[2023-01-22 03:59:53] app.ERROR: No result was found for query although at least one row was expected. {"object_type":"Translation"} []
[2023-01-22 03:59:53] app.ERROR: No result was found for query although at least one row was expected. {"object_type":"Translation"} []
[2023-01-22 03:59:53] app.ERROR: No result was found for query although at least one row was expected. {"object_type":"Translation"} []
[2023-01-22 03:59:53] app.ERROR: No result was found for query although at least one row was expected. {"object_type":"Translation"} []
[2023-01-22 03:59:53] security.DEBUG: Stored the security token in the session. {"key":"_security_main"} []
[2023-01-22 04:00:14] request.INFO: Matched route "api_translation_value_edit". {"route":"api_translation_value_edit","route_parameters":{"_route":"api_translation_value_edit","_controller":"prestashop.core.api.translation.controller:translationEditAction","_legacy_controller":"AdminTranslations"},"request_uri":"https://localhost/amdin/index.php/api/translations/edit?_token=vUyyeHDK31wkA_Fk5rO7kXxior86lg8QjVaMhZBOgpQ","method":"POST"} []
[2023-01-22 04:00:14] security.DEBUG: Read existing security token from the session. {"key":"_security_main","token_class":"Symfony\\Component\\Security\\Core\\Authentication\\Token\\UsernamePasswordToken"} []
[2023-01-22 04:00:14] security.DEBUG: User was reloaded from a user provider. {"provider":"PrestaShopBundle\\Security\\Admin\\EmployeeProvider","username":"admin@wpusc.pls"} []
[2023-01-22 04:00:14] app.ERROR: No result was found for query although at least one row was expected. {"object_type":"Translation"} []
[2023-01-22 04:00:14] security.DEBUG: Stored the security token in the session. {"key":"_security_main"} []
[2023-01-22 04:02:21] request.INFO: Matched route "api_translation_value_edit". {"route":"api_translation_value_edit","route_parameters":{"_route":"api_translation_value_edit","_controller":"prestashop.core.api.translation.controller:translationEditAction","_legacy_controller":"AdminTranslations"},"request_uri":"https://localhost/amdin/index.php/api/translations/edit?_token=vUyyeHDK31wkA_Fk5rO7kXxior86lg8QjVaMhZBOgpQ","method":"POST"} []
[2023-01-22 04:02:21] security.DEBUG: Read existing security token from the session. {"key":"_security_main","token_class":"Symfony\\Component\\Security\\Core\\Authentication\\Token\\UsernamePasswordToken"} []
[2023-01-22 04:02:21] security.DEBUG: User was reloaded from a user provider. {"provider":"PrestaShopBundle\\Security\\Admin\\EmployeeProvider","username":"admin@wpusc.pls"} []
[2023-01-22 04:02:21] app.ERROR: No result was found for query although at least one row was expected. {"object_type":"Translation"} []
[2023-01-22 04:02:21] app.ERROR: No result was found for query although at least one row was expected. {"object_type":"Translation"} []
[2023-01-22 04:02:22] app.ERROR: No result was found for query although at least one row was expected. {"object_type":"Translation"} []
[2023-01-22 04:02:22] app.ERROR: No result was found for query although at least one row was expected. {"object_type":"Translation"} []
[2023-01-22 04:02:22] app.ERROR: No result was found for query although at least one row was expected. {"object_type":"Translation"} []
[2023-01-22 04:02:22] app.ERROR: No result was found for query although at least one row was expected. {"object_type":"Translation"} []
[2023-01-22 04:02:22] security.DEBUG: Stored the security token in the session. {"key":"_security_main"} []
[2023-01-22 04:05:39] request.INFO: Matched route "api_translation_value_edit". {"route":"api_translation_value_edit","route_parameters":{"_route":"api_translation_value_edit","_controller":"prestashop.core.api.translation.controller:translationEditAction","_legacy_controller":"AdminTranslations"},"request_uri":"https://localhost/amdin/index.php/api/translations/edit?_token=vUyyeHDK31wkA_Fk5rO7kXxior86lg8QjVaMhZBOgpQ","method":"POST"} []
[2023-01-22 04:05:39] security.DEBUG: Read existing security token from the session. {"key":"_security_main","token_class":"Symfony\\Component\\Security\\Core\\Authentication\\Token\\UsernamePasswordToken"} []
[2023-01-22 04:05:39] security.DEBUG: User was reloaded from a user provider. {"provider":"PrestaShopBundle\\Security\\Admin\\EmployeeProvider","username":"admin@wpusc.pls"} []
[2023-01-22 04:05:40] app.ERROR: No result was found for query although at least one row was expected. {"object_type":"Translation"} []
[2023-01-22 04:05:40] app.ERROR: No result was found for query although at least one row was expected. {"object_type":"Translation"} []
[2023-01-22 04:05:40] app.ERROR: No result was found for query although at least one row was expected. {"object_type":"Translation"} []
[2023-01-22 04:05:40] app.ERROR: No result was found for query although at least one row was expected. {"object_type":"Translation"} []
[2023-01-22 04:05:40] app.ERROR: No result was found for query although at least one row was expected. {"object_type":"Translation"} []
[2023-01-22 04:05:40] app.ERROR: No result was found for query although at least one row was expected. {"object_type":"Translation"} []
[2023-01-22 04:05:40] app.ERROR: No result was found for query although at least one row was expected. {"object_type":"Translation"} []
[2023-01-22 04:05:40] app.ERROR: No result was found for query although at least one row was expected. {"object_type":"Translation"} []
[2023-01-22 04:05:40] app.ERROR: No result was found for query although at least one row was expected. {"object_type":"Translation"} []
[2023-01-22 04:05:40] app.ERROR: No result was found for query although at least one row was expected. {"object_type":"Translation"} []
[2023-01-22 04:05:40] app.ERROR: No result was found for query although at least one row was expected. {"object_type":"Translation"} []
[2023-01-22 04:05:40] app.ERROR: No result was found for query although at least one row was expected. {"object_type":"Translation"} []
[2023-01-22 04:05:40] app.ERROR: No result was found for query although at least one row was expected. {"object_type":"Translation"} []
[2023-01-22 04:05:40] app.ERROR: No result was found for query although at least one row was expected. {"object_type":"Translation"} []
[2023-01-22 04:05:40] app.ERROR: No result was found for query although at least one row was expected. {"object_type":"Translation"} []
[2023-01-22 04:05:40] app.ERROR: No result was found for query although at least one row was expected. {"object_type":"Translation"} []
[2023-01-22 04:05:40] app.ERROR: No result was found for query although at least one row was expected. {"object_type":"Translation"} []
[2023-01-22 04:05:40] app.ERROR: No result was found for query although at least one row was expected. {"object_type":"Translation"} []
[2023-01-22 04:05:40] app.ERROR: No result was found for query although at least one row was expected. {"object_type":"Translation"} []
[2023-01-22 04:05:40] app.ERROR: No result was found for query although at least one row was expected. {"object_type":"Translation"} []
[2023-01-22 04:05:40] security.DEBUG: Stored the security token in the session. {"key":"_security_main"} []
[2023-01-22 04:06:31] request.INFO: Matched route "api_translation_value_edit". {"route":"api_translation_value_edit","route_parameters":{"_route":"api_translation_value_edit","_controller":"prestashop.core.api.translation.controller:translationEditAction","_legacy_controller":"AdminTranslations"},"request_uri":"https://localhost/amdin/index.php/api/translations/edit?_token=vUyyeHDK31wkA_Fk5rO7kXxior86lg8QjVaMhZBOgpQ","method":"POST"} []
[2023-01-22 04:06:31] security.DEBUG: Read existing security token from the session. {"key":"_security_main","token_class":"Symfony\\Component\\Security\\Core\\Authentication\\Token\\UsernamePasswordToken"} []
[2023-01-22 04:06:31] security.DEBUG: User was reloaded from a user provider. {"provider":"PrestaShopBundle\\Security\\Admin\\EmployeeProvider","username":"admin@wpusc.pls"} []
[2023-01-22 04:06:31] app.ERROR: No result was found for query although at least one row was expected. {"object_type":"Translation"} []
[2023-01-22 04:06:31] app.ERROR: No result was found for query although at least one row was expected. {"object_type":"Translation"} []
[2023-01-22 04:06:31] app.ERROR: No result was found for query although at least one row was expected. {"object_type":"Translation"} []
[2023-01-22 04:06:31] app.ERROR: No result was found for query although at least one row was expected. {"object_type":"Translation"} []
[2023-01-22 04:06:31] security.DEBUG: Stored the security token in the session. {"key":"_security_main"} []
[2023-01-22 04:07:17] request.INFO: Matched route "api_translation_value_edit". {"route":"api_translation_value_edit","route_parameters":{"_route":"api_translation_value_edit","_controller":"prestashop.core.api.translation.controller:translationEditAction","_legacy_controller":"AdminTranslations"},"request_uri":"https://localhost/amdin/index.php/api/translations/edit?_token=vUyyeHDK31wkA_Fk5rO7kXxior86lg8QjVaMhZBOgpQ","method":"POST"} []
[2023-01-22 04:07:18] security.DEBUG: Read existing security token from the session. {"key":"_security_main","token_class":"Symfony\\Component\\Security\\Core\\Authentication\\Token\\UsernamePasswordToken"} []
[2023-01-22 04:07:18] security.DEBUG: User was reloaded from a user provider. {"provider":"PrestaShopBundle\\Security\\Admin\\EmployeeProvider","username":"admin@wpusc.pls"} []
[2023-01-22 04:07:18] app.ERROR: No result was found for query although at least one row was expected. {"object_type":"Translation"} []
[2023-01-22 04:07:18] security.DEBUG: Stored the security token in the session. {"key":"_security_main"} []
[2023-01-22 04:09:01] request.INFO: Matched route "api_translation_value_edit". {"route":"api_translation_value_edit","route_parameters":{"_route":"api_translation_value_edit","_controller":"prestashop.core.api.translation.controller:translationEditAction","_legacy_controller":"AdminTranslations"},"request_uri":"https://localhost/amdin/index.php/api/translations/edit?_token=vUyyeHDK31wkA_Fk5rO7kXxior86lg8QjVaMhZBOgpQ","method":"POST"} []
[2023-01-22 04:09:01] security.DEBUG: Read existing security token from the session. {"key":"_security_main","token_class":"Symfony\\Component\\Security\\Core\\Authentication\\Token\\UsernamePasswordToken"} []
[2023-01-22 04:09:01] security.DEBUG: User was reloaded from a user provider. {"provider":"PrestaShopBundle\\Security\\Admin\\EmployeeProvider","username":"admin@wpusc.pls"} []
[2023-01-22 04:09:01] app.ERROR: No result was found for query although at least one row was expected. {"object_type":"Translation"} []
[2023-01-22 04:09:01] app.ERROR: No result was found for query although at least one row was expected. {"object_type":"Translation"} []
[2023-01-22 04:09:01] app.ERROR: No result was found for query although at least one row was expected. {"object_type":"Translation"} []
[2023-01-22 04:09:01] app.ERROR: No result was found for query although at least one row was expected. {"object_type":"Translation"} []
[2023-01-22 04:09:01] app.ERROR: No result was found for query although at least one row was expected. {"object_type":"Translation"} []
[2023-01-22 04:09:01] app.ERROR: No result was found for query although at least one row was expected. {"object_type":"Translation"} []
[2023-01-22 04:09:01] security.DEBUG: Stored the security token in the session. {"key":"_security_main"} []
[2023-01-22 04:09:59] request.INFO: Matched route "api_translation_value_edit". {"route":"api_translation_value_edit","route_parameters":{"_route":"api_translation_value_edit","_controller":"prestashop.core.api.translation.controller:translationEditAction","_legacy_controller":"AdminTranslations"},"request_uri":"https://localhost/amdin/index.php/api/translations/edit?_token=vUyyeHDK31wkA_Fk5rO7kXxior86lg8QjVaMhZBOgpQ","method":"POST"} []
[2023-01-22 04:10:00] security.DEBUG: Read existing security token from the session. {"key":"_security_main","token_class":"Symfony\\Component\\Security\\Core\\Authentication\\Token\\UsernamePasswordToken"} []
[2023-01-22 04:10:00] security.DEBUG: User was reloaded from a user provider. {"provider":"PrestaShopBundle\\Security\\Admin\\EmployeeProvider","username":"admin@wpusc.pls"} []
[2023-01-22 04:10:00] app.ERROR: No result was found for query although at least one row was expected. {"object_type":"Translation"} []
[2023-01-22 04:10:00] app.ERROR: No result was found for query although at least one row was expected. {"object_type":"Translation"} []
[2023-01-22 04:10:00] app.ERROR: No result was found for query although at least one row was expected. {"object_type":"Translation"} []
[2023-01-22 04:10:00] app.ERROR: No result was found for query although at least one row was expected. {"object_type":"Translation"} []
[2023-01-22 04:10:00] app.ERROR: No result was found for query although at least one row was expected. {"object_type":"Translation"} []
[2023-01-22 04:10:00] app.ERROR: No result was found for query although at least one row was expected. {"object_type":"Translation"} []
[2023-01-22 04:10:00] app.ERROR: No result was found for query although at least one row was expected. {"object_type":"Translation"} []
[2023-01-22 04:10:00] app.ERROR: No result was found for query although at least one row was expected. {"object_type":"Translation"} []
[2023-01-22 04:10:00] app.ERROR: No result was found for query although at least one row was expected. {"object_type":"Translation"} []
[2023-01-22 04:10:00] app.ERROR: No result was found for query although at least one row was expected. {"object_type":"Translation"} []
[2023-01-22 04:10:00] app.ERROR: No result was found for query although at least one row was expected. {"object_type":"Translation"} []
[2023-01-22 04:10:00] app.ERROR: No result was found for query although at least one row was expected. {"object_type":"Translation"} []
[2023-01-22 04:10:00] app.ERROR: No result was found for query although at least one row was expected. {"object_type":"Translation"} []
[2023-01-22 04:10:00] security.DEBUG: Stored the security token in the session. {"key":"_security_main"} []
